<?xml version="1.0" encoding="UTF-8"?>
<!-- Generated by org.testng.reporters.JUnitXMLReporter -->
<testsuite hostname="DESKTOP-L2FA2TH" ignored="0" name="Test" tests="4" failures="1" timestamp="2021-01-14T14:17:59 IST" time="42.453" errors="0">
  <testcase name="basePageNavigation" time="8.808" classname="Academy.validateLogo"/>
  <testcase name="basePageNavigation" time="5.706" classname="Academy.HomePage"/>
  <testcase name="basePageNavigation" time="2.886" classname="Academy.HomePage"/>
  <testcase name="basePageNavigation" time="5.499" classname="Academy.validateTitle">
    <failure type="java.lang.AssertionError" message="expected [1234] but found [[[ChromeDriver: chrome on WINDOWS (99f951cd3b12b38e73ee52a5b0e95e52)] -&amp;gt; xpath: //*[@class=&amp;apos;text-center&amp;apos;]/h2]]">
      <![CDATA[java.lang.AssertionError: expected [1234] but found [[[ChromeDriver: chrome on WINDOWS (99f951cd3b12b38e73ee52a5b0e95e52)] -> xpath: //*[@class='text-center']/h2]]
at Academy.validateTitle.basePageNavigation(validateTitle.java:31)
at java.util.ArrayList.forEach(Unknown Source)
... Removed 32 stack frames]]>
    </failure>
  </testcase> <!-- basePageNavigation -->
</testsuite> <!-- Test -->
