<?xml version="1.0" encoding="UTF-8"?>
<!-- Generated by org.testng.reporters.JUnitXMLReporter -->
<testsuite hostname="DESKTOP-L2FA2TH" ignored="0" name="ValidateTitle" tests="1" failures="1" timestamp="2021-01-16T15:20:13 IST" time="12.409" errors="0">
  <testcase name="titleValidation" time="4.78" classname="Academy.validateTitle">
    <failure type="java.lang.AssertionError" message="expected [1234] but found [[[ChromeDriver: chrome on WINDOWS (27116e3f2b06a46d8bf315f6a49d110e)] -&amp;gt; xpath: //*[@class=&amp;apos;text-center&amp;apos;]/h2]]">
      <![CDATA[java.lang.AssertionError: expected [1234] but found [[[ChromeDriver: chrome on WINDOWS (27116e3f2b06a46d8bf315f6a49d110e)] -> xpath: //*[@class='text-center']/h2]]
at Academy.validateTitle.titleValidation(validateTitle.java:36)
at java.util.ArrayList.forEach(ArrayList.java:1259)
at java.util.concurrent.FutureTask.run(FutureTask.java:266)
at java.util.concurrent.ThreadPoolExecutor.runWorker(ThreadPoolExecutor.java:1149)
at java.util.concurrent.ThreadPoolExecutor$Worker.run(ThreadPoolExecutor.java:624)
at java.lang.Thread.run(Thread.java:748)
... Removed 23 stack frames]]>
    </failure>
  </testcase> <!-- titleValidation -->
</testsuite> <!-- ValidateTitle -->
