<?xml version="1.0" encoding="UTF-8"?>
<testng-results skipped="0" failed="1" ignored="0" total="4" passed="3">
  <reporter-output>
  </reporter-output>
  <suite name="Suite" duration-ms="15531" started-at="2021-01-16T15:20:01 IST" finished-at="2021-01-16T15:20:16 IST">
    <groups>
    </groups>
    <test name="ValidateLogo" duration-ms="11714" started-at="2021-01-16T15:20:01 IST" finished-at="2021-01-16T15:20:13 IST">
      <class name="Academy.validateLogo">
        <test-method status="PASS" signature="initalize1()[pri:0, instance:Academy.validateLogo@1e1a0406]" name="initalize1" is-config="true" duration-ms="7004" started-at="2021-01-16T15:20:01 IST" finished-at="2021-01-16T15:20:08 IST">
          <reporter-output>
          </reporter-output>
        </test-method> <!-- initalize1 -->
        <test-method status="PASS" signature="logoValidation()[pri:0, instance:Academy.validateLogo@1e1a0406]" name="logoValidation" duration-ms="4631" started-at="2021-01-16T15:20:08 IST" finished-at="2021-01-16T15:20:12 IST">
          <reporter-output>
          </reporter-output>
        </test-method> <!-- logoValidation -->
        <test-method status="PASS" signature="tearDown()[pri:0, instance:Academy.validateLogo@1e1a0406]" name="tearDown" is-config="true" duration-ms="39" started-at="2021-01-16T15:20:12 IST" finished-at="2021-01-16T15:20:13 IST">
          <reporter-output>
          </reporter-output>
        </test-method> <!-- tearDown -->
      </class> <!-- Academy.validateLogo -->
    </test> <!-- ValidateLogo -->
    <test name="ValidateTitle" duration-ms="12409" started-at="2021-01-16T15:20:01 IST" finished-at="2021-01-16T15:20:13 IST">
      <class name="Academy.validateTitle">
        <test-method status="PASS" signature="initalize1()[pri:0, instance:Academy.validateTitle@5a45133e]" name="initalize1" is-config="true" duration-ms="7006" started-at="2021-01-16T15:20:01 IST" finished-at="2021-01-16T15:20:08 IST">
          <reporter-output>
          </reporter-output>
        </test-method> <!-- initalize1 -->
        <test-method status="FAIL" signature="titleValidation()[pri:0, instance:Academy.validateTitle@5a45133e]" name="titleValidation" duration-ms="4780" started-at="2021-01-16T15:20:08 IST" finished-at="2021-01-16T15:20:13 IST">
          <exception class="java.lang.AssertionError">
            <message>
              <![CDATA[expected [1234] but found [[[ChromeDriver: chrome on WINDOWS (27116e3f2b06a46d8bf315f6a49d110e)] -> xpath: //*[@class='text-center']/h2]]]]>
            </message>
            <full-stacktrace>
              <![CDATA[java.lang.AssertionError: expected [1234] but found [[[ChromeDriver: chrome on WINDOWS (27116e3f2b06a46d8bf315f6a49d110e)] -> xpath: //*[@class='text-center']/h2]]
at org.testng.Assert.fail(Assert.java:99)
at org.testng.Assert.failNotEquals(Assert.java:1037)
at org.testng.Assert.assertEqualsImpl(Assert.java:140)
at org.testng.Assert.assertEquals(Assert.java:122)
at org.testng.Assert.assertEquals(Assert.java:617)
at Academy.validateTitle.titleValidation(validateTitle.java:36)
at sun.reflect.NativeMethodAccessorImpl.invoke0(Native Method)
at sun.reflect.NativeMethodAccessorImpl.invoke(NativeMethodAccessorImpl.java:62)
at sun.reflect.DelegatingMethodAccessorImpl.invoke(DelegatingMethodAccessorImpl.java:43)
at java.lang.reflect.Method.invoke(Method.java:498)
at org.testng.internal.MethodInvocationHelper.invokeMethod(MethodInvocationHelper.java:132)
at org.testng.internal.TestInvoker.invokeMethod(TestInvoker.java:599)
at org.testng.internal.TestInvoker.invokeTestMethod(TestInvoker.java:174)
at org.testng.internal.MethodRunner.runInSequence(MethodRunner.java:46)
at org.testng.internal.TestInvoker$MethodInvocationAgent.invoke(TestInvoker.java:822)
at org.testng.internal.TestInvoker.invokeTestMethods(TestInvoker.java:147)
at org.testng.internal.TestMethodWorker.invokeTestMethods(TestMethodWorker.java:146)
at org.testng.internal.TestMethodWorker.run(TestMethodWorker.java:128)
at java.util.ArrayList.forEach(ArrayList.java:1259)
at org.testng.TestRunner.privateRun(TestRunner.java:764)
at org.testng.TestRunner.run(TestRunner.java:585)
at org.testng.SuiteRunner.runTest(SuiteRunner.java:384)
at org.testng.SuiteRunner.access$000(SuiteRunner.java:28)
at org.testng.SuiteRunner$SuiteWorker.run(SuiteRunner.java:425)
at org.testng.internal.thread.ThreadUtil.lambda$execute$0(ThreadUtil.java:66)
at java.util.concurrent.FutureTask.run(FutureTask.java:266)
at java.util.concurrent.ThreadPoolExecutor.runWorker(ThreadPoolExecutor.java:1149)
at java.util.concurrent.ThreadPoolExecutor$Worker.run(ThreadPoolExecutor.java:624)
at java.lang.Thread.run(Thread.java:748)
]]>
            </full-stacktrace>
          </exception> <!-- java.lang.AssertionError -->
          <reporter-output>
          </reporter-output>
        </test-method> <!-- titleValidation -->
        <test-method status="PASS" signature="tearDown()[pri:0, instance:Academy.validateTitle@5a45133e]" name="tearDown" is-config="true" duration-ms="44" started-at="2021-01-16T15:20:13 IST" finished-at="2021-01-16T15:20:13 IST">
          <reporter-output>
          </reporter-output>
        </test-method> <!-- tearDown -->
      </class> <!-- Academy.validateTitle -->
    </test> <!-- ValidateTitle -->
    <test name="ValidateHomePage" duration-ms="15531" started-at="2021-01-16T15:20:01 IST" finished-at="2021-01-16T15:20:16 IST">
      <class name="Academy.HomePage">
        <test-method status="PASS" signature="initalize()[pri:0, instance:Academy.HomePage@771a660]" name="initalize" is-config="true" duration-ms="7006" started-at="2021-01-16T15:20:01 IST" finished-at="2021-01-16T15:20:08 IST">
          <reporter-output>
          </reporter-output>
        </test-method> <!-- initalize -->
        <test-method status="PASS" signature="basePageNavigation(java.lang.String, java.lang.String)[pri:0, instance:Academy.HomePage@771a660]" name="basePageNavigation" duration-ms="6297" started-at="2021-01-16T15:20:08 IST" data-provider="getData" finished-at="2021-01-16T15:20:14 IST">
          <params>
            <param index="0">
              <value>
                <![CDATA[nonrestrictedusesr@gmail.com]]>
              </value>
            </param>
            <param index="1">
              <value>
                <![CDATA[123]]>
              </value>
            </param>
          </params>
          <reporter-output>
          </reporter-output>
        </test-method> <!-- basePageNavigation -->
        <test-method status="PASS" signature="basePageNavigation(java.lang.String, java.lang.String)[pri:0, instance:Academy.HomePage@771a660]" name="basePageNavigation" duration-ms="2158" started-at="2021-01-16T15:20:14 IST" data-provider="getData" finished-at="2021-01-16T15:20:16 IST">
          <params>
            <param index="0">
              <value>
                <![CDATA[restricteduser@gmail.com]]>
              </value>
            </param>
            <param index="1">
              <value>
                <![CDATA[345]]>
              </value>
            </param>
          </params>
          <reporter-output>
          </reporter-output>
        </test-method> <!-- basePageNavigation -->
        <test-method status="PASS" signature="tearDown()[pri:0, instance:Academy.HomePage@771a660]" name="tearDown" is-config="true" duration-ms="39" started-at="2021-01-16T15:20:16 IST" finished-at="2021-01-16T15:20:16 IST">
          <reporter-output>
          </reporter-output>
        </test-method> <!-- tearDown -->
      </class> <!-- Academy.HomePage -->
    </test> <!-- ValidateHomePage -->
  </suite> <!-- Suite -->
</testng-results>
